<?xml version="1.0" encoding="UTF-8"?>
<!-- Generated by org.testng.reporters.JUnitReportReporter -->
<testsuite skipped="0" hostname="DESKTOP-LTCCDDJ" name="WebTest.WebTest.RegTest" tests="1" failures="0" timestamp="2020-10-18T04:12:09 EET" time="4.192" errors="0">
  <testcase name="RegMethod" time="4.192" classname="WebTest.WebTest.RegTest"/>
  <system-out/>
</testsuite> <!-- WebTest.WebTest.RegTest -->
