<?xml version="1.0" encoding="UTF-8"?>
<!-- Generated by org.testng.reporters.JUnitReportReporter -->
<testsuite skipped="0" hostname="DESKTOP-LTCCDDJ" name="WebTest.WebTest.LoginTest" tests="1" failures="0" timestamp="2020-09-12T17:36:50 EET" time="0.544" errors="0">
  <testcase name="loginMethod" time="0.544" classname="WebTest.WebTest.LoginTest"/>
  <system-out/>
</testsuite> <!-- WebTest.WebTest.LoginTest -->
